<?xml version="1.0" encoding="UTF-8"?>
<testsuite xmlns:xsi="http://www.w3.org/2001/XMLSchema-instance" xsi:noNamespaceSchemaLocation="https://maven.apache.org/surefire/maven-surefire-plugin/xsd/surefire-test-report-3.0.xsd" version="3.0" name="com.clearcareai.ClearCareAiApplicationTests" time="6.57" tests="1" errors="0" skipped="0" failures="0">
  <properties>
[...]
</properties>
  <testcase name="contextLoads" classname="com.clearcareai.ClearCareAiApplicationTests" time="0.658">
    <system-out><![CDATA[22:25:19.598 [main] INFO org.springframework.test.context.support.AnnotationConfigContextLoaderUtils -- Could not detect default configuration classes for test class [com.clearcareai.ClearCareAiApplicationTests]: ClearCareAiApplicationTests does not declare any static, non-private, non-final, nested classes annotated with @Configuration.
22:25:19.765 [main] INFO org.springframework.boot.test.context.SpringBootTestContextBootstrapper -- Found @SpringBootConfiguration com.clearcareai.ClearCareAiApplication for test class com.clearcareai.ClearCareAiApplicationTests

  .   ____          _            __ _ _
 /\\ / ___'_ __ _ _(_)_ __  __ _ \ \ \ \
( ( )\___ | '_ | '_| | '_ \/ _` | \ \ \ \
 \\/  ___)| |_)| | | | | || (_| |  ) ) ) )
  '  |____| .__|_| |_|_| |_\__, | / / / /
 =========|_|==============|___/=/_/_/_/
 :: Spring Boot ::                (v3.2.5)

2026-08-21T22:25:20.214+05:30  INFO 18472 --- [           main] c.c.ClearCareAiApplicationTests          : Starting ClearCareAiApplicationTests using Java 17.0.19 with PID 18472 (started by yadla in D:\ClearCareAI\ClearCare-rebuild\backend)
2026-08-21T22:25:20.214+05:30  INFO 18472 --- [           main] c.c.ClearCareAiApplicationTests          : The following 1 profile is active: "test"
2026-08-21T22:25:21.514+05:30  INFO 18472 --- [           main] .s.d.r.c.RepositoryConfigurationDelegate : Bootstrapping Spring Data JPA repositories in DEFAULT mode.
2026-08-21T22:25:21.543+05:30  INFO 18472 --- [           main] .s.d.r.c.RepositoryConfigurationDelegate : Finished Spring Data repository scanning in 15 ms. Found 0 JPA repository interfaces.
2026-08-21T22:25:22.264+05:30  INFO 18472 --- [           main] o.hibernate.jpa.internal.util.LogHelper  : HHH000204: Processing PersistenceUnitInfo [name: default]
2026-08-21T22:25:22.348+05:30  INFO 18472 --- [           main] org.hibernate.Version                    : HHH000412: Hibernate ORM core version 6.4.4.Final
2026-08-21T22:25:22.416+05:30  INFO 18472 --- [           main] o.h.c.internal.RegionFactoryInitiator    : HHH000026: Second-level cache disabled
2026-08-21T22:25:22.730+05:30  INFO 18472 --- [           main] o.s.o.j.p.SpringPersistenceUnitInfo      : No LoadTimeWeaver setup: ignoring JPA class transformer
2026-08-21T22:25:22.771+05:30  INFO 18472 --- [           main] com.zaxxer.hikari.HikariDataSource       : HikariPool-1 - Starting...
2026-08-21T22:25:22.998+05:30  INFO 18472 --- [           main] com.zaxxer.hikari.pool.HikariPool        : HikariPool-1 - Added connection conn0: url=jdbc:h2:mem:testdb user=SA
2026-08-21T22:25:23.013+05:30  INFO 18472 --- [           main] com.zaxxer.hikari.HikariDataSource       : HikariPool-1 - Start completed.
2026-08-21T22:25:23.030+05:30  WARN 18472 --- [           main] org.hibernate.orm.deprecation            : HHH90000025: H2Dialect does not need to be specified explicitly using 'hibernate.dialect' (remove the property setting and it will be selected by default)
2026-08-21T22:25:23.363+05:30  INFO 18472 --- [           main] o.h.e.t.j.p.i.JtaPlatformInitiator       : HHH000489: No JTA platform available (set 'hibernate.transaction.jta.platform' to enable JTA platform integration)
2026-08-21T22:25:23.363+05:30  INFO 18472 --- [           main] j.LocalContainerEntityManagerFactoryBean : Initialized JPA EntityManagerFactory for persistence unit 'default'
2026-08-21T22:25:23.854+05:30  WARN 18472 --- [           main] JpaBaseConfiguration$JpaWebConfiguration : spring.jpa.open-in-view is enabled by default. Therefore, database queries may be performed during view rendering. Explicitly configure spring.jpa.open-in-view to disable this warning
2026-08-21T22:25:24.804+05:30  WARN 18472 --- [           main] .s.s.UserDetailsServiceAutoConfiguration : 

Using generated security password: b6f7e9d7-bc3b-4021-9b4d-6f15381a7649

This generated password is for development use only. Your security configuration must be updated before running your application in production.

2026-08-21T22:25:24.962+05:30  INFO 18472 --- [           main] o.s.s.web.DefaultSecurityFilterChain     : Will secure any request with [org.springframework.security.web.session.DisableEncodeUrlFilter@1e834a5b, org.springframework.security.web.context.request.async.WebAsyncManagerIntegrationFilter@7fda84cf, org.springframework.security.web.context.SecurityContextHolderFilter@54d116d5, org.springframework.security.web.header.HeaderWriterFilter@1b18fa79, org.springframework.web.filter.CorsFilter@313a3af8, org.springframework.security.web.csrf.CsrfFilter@345d4ecb, org.springframework.security.web.authentication.logout.LogoutFilter@16422f27, org.springframework.security.web.authentication.UsernamePasswordAuthenticationFilter@62ad5f35, org.springframework.security.web.authentication.ui.DefaultLoginPageGeneratingFilter@66450129, org.springframework.security.web.authentication.ui.DefaultLogoutPageGeneratingFilter@19240b9, org.springframework.security.web.authentication.www.BasicAuthenticationFilter@45c10678, org.springframework.security.web.savedrequest.RequestCacheAwareFilter@4f5d7091, org.springframework.security.web.servletapi.SecurityContextHolderAwareRequestFilter@34128fed, org.springframework.security.web.authentication.AnonymousAuthenticationFilter@5471342, org.springframework.security.web.access.ExceptionTranslationFilter@623c9988, org.springframework.security.web.access.intercept.AuthorizationFilter@55b5ce0f]
2026-08-21T22:25:25.072+05:30  INFO 18472 --- [           main] o.s.b.a.e.web.EndpointLinksResolver      : Exposing 2 endpoint(s) beneath base path '/actuator'
2026-08-21T22:25:25.221+05:30  INFO 18472 --- [           main] c.c.ClearCareAiApplicationTests          : Started ClearCareAiApplicationTests in 5.284 seconds (process running for 6.607)
]]></system-out>
  </testcase>
</testsuite>